<?xml version="1.0" encoding="UTF-8"?>
<testng-results ignored="0" total="1" passed="1" failed="0" skipped="0">
  <reporter-output>
  </reporter-output>
  <suite started-at="2024-12-14T18:46:16 IST" name="Default suite" finished-at="2024-12-14T18:46:36 IST" duration-ms="19734">
    <groups>
    </groups>
    <test started-at="2024-12-14T18:46:16 IST" name="Default test" finished-at="2024-12-14T18:46:36 IST" duration-ms="19734">
      <class name="test.ScrollTest">
        <test-method signature="test()[pri:0, instance:test.ScrollTest@72967906]" started-at="2024-12-14T18:46:16 IST" name="test" finished-at="2024-12-14T18:46:36 IST" duration-ms="19660" status="PASS">
          <reporter-output>
          </reporter-output>
        </test-method> <!-- test -->
      </class> <!-- test.ScrollTest -->
    </test> <!-- Default test -->
  </suite> <!-- Default suite -->
</testng-results>
